\BOOKMARK [0][-]{chapter.1}{Physics\040in\040Genius\040Device\040Simulator}{}% 1
\BOOKMARK [1][-]{section.1.1}{Level\0401\040Drift-Diffusion\040Equation}{chapter.1}% 2
\BOOKMARK [1][-]{section.1.2}{Level\0402\040Drift-Diffusion\040Equation}{chapter.1}% 3
\BOOKMARK [1][-]{section.1.3}{Level\0403\040Energy\040Balance\040Equation}{chapter.1}% 4
\BOOKMARK [1][-]{section.1.4}{Band\040Structure\040Model}{chapter.1}% 5
\BOOKMARK [2][-]{subsection.1.4.1}{Band\040structure\040of\040compound\040semiconductors}{section.1.4}% 6
\BOOKMARK [3][-]{subsubsection.1.4.1.1}{Band\040Structure\040of\040SiGe}{subsection.1.4.1}% 7
\BOOKMARK [3][-]{subsubsection.1.4.1.2}{Band\040Structure\040of\040Tertiary\040Compound\040Semiconductor}{subsection.1.4.1}% 8
\BOOKMARK [2][-]{subsection.1.4.2}{Schenk's\040Bandgap\040Narrowing\040Model}{section.1.4}% 9
\BOOKMARK [1][-]{section.1.5}{Carrier\040Recombination}{chapter.1}% 10
\BOOKMARK [1][-]{section.1.6}{Mobility\040Models}{chapter.1}% 11
\BOOKMARK [2][-]{subsection.1.6.1}{Bulk\040Mobility\040Models}{section.1.6}% 12
\BOOKMARK [3][-]{subsubsection.1.6.1.1}{Analytic\040Mobility\040Model}{subsection.1.6.1}% 13
\BOOKMARK [3][-]{subsubsection.1.6.1.2}{Masetti\040Analytic\040Model}{subsection.1.6.1}% 14
\BOOKMARK [3][-]{subsubsection.1.6.1.3}{Philips\040Mobility\040Model}{subsection.1.6.1}% 15
\BOOKMARK [3][-]{subsubsection.1.6.1.4}{Velocity\040Saturation}{subsection.1.6.1}% 16
\BOOKMARK [2][-]{subsection.1.6.2}{Unified\040Mobility\040Models}{section.1.6}% 17
\BOOKMARK [3][-]{subsubsection.1.6.2.1}{Lombardi\040Surface\040Mobility\040Model}{subsection.1.6.2}% 18
\BOOKMARK [3][-]{subsubsection.1.6.2.2}{Lucent\040High\040Field\040Mobility\040Model}{subsection.1.6.2}% 19
\BOOKMARK [3][-]{subsubsection.1.6.2.3}{Hewlett-Packard\040High\040Field\040Mobility\040Model}{subsection.1.6.2}% 20
\BOOKMARK [2][-]{subsection.1.6.3}{Mobility\040Models\040of\040Complex\040Compound\040Semiconductors}{section.1.6}% 21
\BOOKMARK [2][-]{subsection.1.6.4}{Carrier\040Temperature\040Based\040Mobility\040Model}{section.1.6}% 22
\BOOKMARK [1][-]{section.1.7}{Generation\040Model}{chapter.1}% 23
\BOOKMARK [2][-]{subsection.1.7.1}{Impact\040Ionization}{section.1.7}% 24
\BOOKMARK [3][-]{subsubsection.1.7.1.1}{Selberherr\040Model}{subsection.1.7.1}% 25
\BOOKMARK [3][-]{subsubsection.1.7.1.2}{van\040Overstraeten\040-\040de\040Man\040model}{subsection.1.7.1}% 26
\BOOKMARK [3][-]{subsubsection.1.7.1.3}{Valdinoci\040Model}{subsection.1.7.1}% 27
\BOOKMARK [2][-]{subsection.1.7.2}{Band-to-band\040Tunneling}{section.1.7}% 28
\BOOKMARK [1][-]{section.1.8}{High\040Energy\040Particles}{chapter.1}% 29
\BOOKMARK [1][-]{section.1.9}{Fermi-Dirac\040Statistics}{chapter.1}% 30
\BOOKMARK [0][-]{chapter.2}{Genius\040Command\040Reference}{}% 31
\BOOKMARK [1][-]{section.2.1}{Introduction}{chapter.2}% 32
\BOOKMARK [2][-]{subsection.2.1.1}{Format\040of\040Input\040Card}{section.2.1}% 33
