\BOOKMARK [0][-]{chapter.1}{\376\377\211\201\154\102}{}% 1
\BOOKMARK [1][-]{section.1.1}{\376\377\220\002\165\050\203\003\126\364}{chapter.1}% 2
\BOOKMARK [1][-]{section.1.2}{\376\377\143\222\162\110\211\201\154\102}{chapter.1}% 3
\BOOKMARK [1][-]{section.1.3}{\376\377\145\207\116\366\133\130\150\143}{chapter.1}% 4
\BOOKMARK [2][-]{subsection.1.3.1}{\376\377\136\224\147\011\145\207\116\366}{section.1.3}% 5
\BOOKMARK [2][-]{subsection.1.3.2}{\376\377\145\207\116\366\117\115\177\156}{section.1.3}% 6
\BOOKMARK [2][-]{subsection.1.3.3}{\376\377\145\207\150\143\177\026\123\367\211\304\122\031}{section.1.3}% 7
\BOOKMARK [2][-]{subsection.1.3.4}{\376\377\166\356\137\125\124\015\124\214\145\207\116\366\124\015}{section.1.3}% 8
\BOOKMARK [2][-]{subsection.1.3.5}{\376\377\121\145\150\143}{section.1.3}% 9
\BOOKMARK [0][-]{chapter.2}{\376\377\143\222\162\110\217\157\116\366\123\312\152\041\147\177\166\204\117\177\165\050\145\271\154\325}{}% 10
\BOOKMARK [1][-]{section.2.1}{\376\377\217\157\116\366\166\204\133\211\210\305\124\214\117\177\165\050}{chapter.2}% 11
\BOOKMARK [2][-]{subsection.2.1.1}{\376\377\127\050\147\015\122\241\126\150\116\012\117\177\165\050}{section.2.1}% 12
\BOOKMARK [2][-]{subsection.2.1.2}{\376\377\127\050\201\352\135\361\165\065\201\021\116\012\133\211\210\305}{section.2.1}% 13
\BOOKMARK [2][-]{subsection.2.1.3}{\376\377\000L\000y\000x}{section.2.1}% 14
\BOOKMARK [1][-]{section.2.2}{\376\377\152\041\147\177\166\204\133\211\210\305\124\214\117\177\165\050}{chapter.2}% 15
\BOOKMARK [0][-]{chapter.3}{\376\377\210\150\150\074\060\001\126\376\162\107\124\214\116\343\170\001\166\204\150\074\137\017}{}% 16
\BOOKMARK [1][-]{section.3.1}{\376\377\210\150\150\074}{chapter.3}% 17
\BOOKMARK [1][-]{section.3.2}{\376\377\126\376\162\107}{chapter.3}% 18
\BOOKMARK [1][-]{section.3.3}{\376\377\116\343\170\001}{chapter.3}% 19
\BOOKMARK [1][-]{section.3.4}{\376\377\121\340\174\173\162\171\122\053\133\371\214\141}{chapter.3}% 20
\BOOKMARK [1][-]{section.3.5}{\376\377\000l\000i\000s\000t\000\040\122\027\210\150}{chapter.3}% 21
